<?xml version="1.0" encoding="UTF-8"?>
<!-- Generated by org.testng.reporters.JUnitReportReporter -->
<testsuite hostname="AFSWWI9CYZ2H4A" failures="0" tests="1" name="client.HomeTest" time="1.085" errors="0" timestamp="2023-01-23T13:42:53 CST" skipped="0">
  <testcase classname="client.HomeTest" name="getHomePage" time="1.085"/>
  <system-out/>
</testsuite> <!-- client.HomeTest -->
