<?xml version="1.0" encoding="UTF-8"?>
<!-- Generated by org.testng.reporters.JUnitReportReporter -->
<testsuite hostname="AFSWWI9CYZ2H4A" failures="0" tests="2" name="com.developerscorner.client.uiTests.RegisterPageTest" time="6.135" errors="0" timestamp="2023-01-31T11:34:05 CST" skipped="0">
  <testcase classname="com.developerscorner.client.uiTests.RegisterPageTest" name="shouldRegisterAUser" time="2.969"/>
  <system-out/>
  <testcase classname="com.developerscorner.client.uiTests.RegisterPageTest" name="shouldDisplayFieldIsRequiredIfOneOfTheFieldIsBlank" time="3.166"/>
  <system-out/>
</testsuite> <!-- com.developerscorner.client.uiTests.RegisterPageTest -->
