<?xml version="1.0" encoding="UTF-8"?>
<!-- Generated by org.testng.reporters.JUnitReportReporter -->
<testsuite hostname="AFSWWI9CYZ2H4A" failures="0" tests="4" name="com.developerscorner.client.uiTests.ProfilePageTest" time="46.503" errors="0" timestamp="2023-01-31T13:30:31 CST" skipped="0">
  <testcase classname="com.developerscorner.client.uiTests.ProfilePageTest" name="shouldEditProfile" time="0.987"/>
  <system-out/>
  <testcase classname="com.developerscorner.client.uiTests.ProfilePageTest" name="shouldGetProfilePage" time="0.144"/>
  <system-out/>
  <testcase classname="com.developerscorner.client.uiTests.ProfilePageTest" name="shouldCheckCurrentUserExists" time="0.083"/>
  <system-out/>
  <testcase classname="com.developerscorner.client.uiTests.ProfilePageTest" name="shouldDisplayFieldRequiredIfOnceOfTheFieldsIsBlank" time="45.289"/>
  <system-out/>
</testsuite> <!-- com.developerscorner.client.uiTests.ProfilePageTest -->
