<?xml version="1.0" encoding="UTF-8"?>
<!-- Generated by org.testng.reporters.JUnitReportReporter -->
<testsuite hostname="AFSWWI9CYZ2H4A" failures="0" tests="3" name="com.developerscorner.client.uiTests.QuestionsPageTest" time="21.075" errors="0" timestamp="2023-01-27T14:32:11 CST" skipped="0">
  <testcase classname="com.developerscorner.client.uiTests.QuestionsPageTest" name="shouldEditAQuestion" time="0.491"/>
  <system-out/>
  <testcase classname="com.developerscorner.client.uiTests.QuestionsPageTest" name="shouldGetQuestionsPage" time="0.380"/>
  <system-out/>
  <testcase classname="com.developerscorner.client.uiTests.QuestionsPageTest" name="shouldDeleteAQuestion" time="20.204"/>
  <system-out/>
</testsuite> <!-- com.developerscorner.client.uiTests.QuestionsPageTest -->
