<?xml version="1.0" encoding="UTF-8"?>
<!-- Generated by org.testng.reporters.JUnitReportReporter -->
<testsuite hostname="AFSWWI9CYZ2H4A" failures="0" tests="2" name="client.LoginPageTest" time="2.580" errors="0" timestamp="2023-01-26T13:46:17 CST" skipped="0">
  <testcase classname="client.LoginPageTest" name="getLoginPage" time="0.179"/>
  <system-out/>
  <testcase classname="client.LoginPageTest" name="loginTest" time="2.401"/>
  <system-out/>
</testsuite> <!-- client.LoginPageTest -->
