<?xml version="1.0" encoding="UTF-8"?>
<!-- Generated by org.testng.reporters.JUnitReportReporter -->
<testsuite hostname="AFSWWI9CYZ2H4A" failures="0" tests="3" name="com.developerscorner.client.uiTests.ProfilePageTest" time="26.013" errors="0" timestamp="2023-01-27T15:19:07 CST" skipped="0">
  <testcase classname="com.developerscorner.client.uiTests.ProfilePageTest" name="shouldCheckCurrentUserExists" time="20.234"/>
  <system-out/>
  <testcase classname="com.developerscorner.client.uiTests.ProfilePageTest" name="shouldEditProfile" time="5.592"/>
  <system-out/>
  <testcase classname="com.developerscorner.client.uiTests.ProfilePageTest" name="shouldGetProfilePage" time="0.187"/>
  <system-out/>
</testsuite> <!-- com.developerscorner.client.uiTests.ProfilePageTest -->
