<?xml version="1.0" encoding="UTF-8"?>
<!-- Generated by org.testng.reporters.JUnitReportReporter -->
<testsuite hostname="AFSWWI9CYZ2H4A" failures="0" tests="2" name="com.developerscorner.client.uiTests.HomePageTest" time="0.717" errors="0" timestamp="2023-01-27T15:13:53 CST" skipped="0">
  <testcase classname="com.developerscorner.client.uiTests.HomePageTest" name="shoulGetHomePage" time="0.336"/>
  <system-out/>
  <testcase classname="com.developerscorner.client.uiTests.HomePageTest" name="shouldCreateQuestion" time="0.381"/>
  <system-out/>
</testsuite> <!-- com.developerscorner.client.uiTests.HomePageTest -->
