<?xml version="1.0" encoding="UTF-8"?>
<!-- Generated by org.testng.reporters.JUnitReportReporter -->
<testsuite hostname="AFSWWI9CYZ2H4A" failures="0" tests="2" name="client.HomePageTest" time="3.772" errors="0" timestamp="2023-01-26T13:03:26 CST" skipped="0">
  <testcase classname="client.HomePageTest" name="getHomePage" time="0.192"/>
  <system-out/>
  <testcase classname="client.HomePageTest" name="createQuestion" time="3.580"/>
  <system-out/>
</testsuite> <!-- client.HomePageTest -->
