<?xml version="1.0" encoding="UTF-8"?>
<!-- Generated by org.testng.reporters.JUnitReportReporter -->
<testsuite hostname="AFSWWI9CYZ2H4A" failures="0" tests="2" name="client.QuestionsPageTest" time="2.702" errors="0" timestamp="2023-01-26T13:02:54 CST" skipped="0">
  <testcase classname="client.QuestionsPageTest" name="getQuestionsPage" time="0.148"/>
  <system-out/>
  <testcase classname="client.QuestionsPageTest" name="createQuestion" time="2.554"/>
  <system-out/>
</testsuite> <!-- client.QuestionsPageTest -->
