<?xml version="1.0" encoding="UTF-8"?>
<!-- Generated by org.testng.reporters.JUnitReportReporter -->
<testsuite hostname="AFSWWI9CYZ2H4A" failures="0" tests="3" name="com.developerscorner.client.uiTests.HomePageTest" time="1.842" errors="0" timestamp="2023-01-31T13:30:31 CST" skipped="0">
  <testcase classname="com.developerscorner.client.uiTests.HomePageTest" name="shouldDisplayFieldIsRequiredIfUsernameNotFilled" time="0.561"/>
  <system-out/>
  <testcase classname="com.developerscorner.client.uiTests.HomePageTest" name="shoulGetHomePage" time="0.148"/>
  <system-out/>
  <testcase classname="com.developerscorner.client.uiTests.HomePageTest" name="shouldCreateQuestion" time="1.133"/>
  <system-out/>
</testsuite> <!-- com.developerscorner.client.uiTests.HomePageTest -->
