<?xml version="1.0" encoding="UTF-8"?>
<!-- Generated by org.testng.reporters.JUnitReportReporter -->
<testsuite hostname="AFSWWI9CYZ2H4A" failures="0" tests="1" name="client.ProfilePageTest" time="0.116" errors="0" timestamp="2023-01-26T14:33:26 CST" skipped="0">
  <testcase classname="client.ProfilePageTest" name="getProfilePage" time="0.116"/>
  <system-out/>
</testsuite> <!-- client.ProfilePageTest -->
