<?xml version="1.0" encoding="UTF-8"?>
<!-- Generated by org.testng.reporters.JUnitReportReporter -->
<testsuite hostname="AFSWWI9CYZ2H4A" failures="0" tests="1" name="client.RegisterPageTest" time="3.624" errors="0" timestamp="2023-01-26T13:05:20 CST" skipped="0">
  <testcase classname="client.RegisterPageTest" name="registerTest" time="3.624"/>
  <system-out/>
</testsuite> <!-- client.RegisterPageTest -->
