<?xml version="1.0" encoding="UTF-8"?>
<!-- Generated by org.testng.reporters.JUnitReportReporter -->
<testsuite hostname="AFSWWI9CYZ2H4A" failures="0" tests="5" name="com.developerscorner.client.uiTests.QuestionsPageTest" time="8.014" errors="0" timestamp="2023-01-31T13:30:31 CST" skipped="0">
  <testcase classname="com.developerscorner.client.uiTests.QuestionsPageTest" name="shouldDisplayFieldRequiredIfOneOfTheFieldsIsBlank" time="0.595"/>
  <system-out/>
  <testcase classname="com.developerscorner.client.uiTests.QuestionsPageTest" name="shouldEditAQuestion" time="0.652"/>
  <system-out/>
  <testcase classname="com.developerscorner.client.uiTests.QuestionsPageTest" name="shouldDeleteAQuestion" time="5.493"/>
  <system-out/>
  <testcase classname="com.developerscorner.client.uiTests.QuestionsPageTest" name="shouldGetQuestionsPage" time="0.193"/>
  <system-out/>
  <testcase classname="com.developerscorner.client.uiTests.QuestionsPageTest" name="shouldCreateQuestion" time="1.081"/>
  <system-out/>
</testsuite> <!-- com.developerscorner.client.uiTests.QuestionsPageTest -->
