<?xml version="1.0" encoding="UTF-8"?>
<!-- Generated by org.testng.reporters.JUnitReportReporter -->
<testsuite hostname="AFSWWI9CYZ2H4A" failures="0" tests="4" name="com.developerscorner.client.uiTests.QuestionsPageTest" time="4.166" errors="0" timestamp="2023-01-31T11:34:05 CST" skipped="0">
  <testcase classname="com.developerscorner.client.uiTests.QuestionsPageTest" name="shouldGetQuestionsPage" time="0.235"/>
  <system-out/>
  <testcase classname="com.developerscorner.client.uiTests.QuestionsPageTest" name="shouldEditAQuestion" time="0.857"/>
  <system-out/>
  <testcase classname="com.developerscorner.client.uiTests.QuestionsPageTest" name="shouldDeleteAQuestion" time="2.419"/>
  <system-out/>
  <testcase classname="com.developerscorner.client.uiTests.QuestionsPageTest" name="shouldDisplayFieldRequiredIfOneOfTheFieldsIsBlank" time="0.655"/>
  <system-out/>
</testsuite> <!-- com.developerscorner.client.uiTests.QuestionsPageTest -->
