<?xml version="1.0" encoding="UTF-8"?>
<!-- Generated by org.testng.reporters.JUnitReportReporter -->
<testsuite hostname="AFSWWI9CYZ2H4A" failures="0" tests="3" name="com.developerscorner.client.uiTests.LoginPageTest" time="1.023" errors="0" timestamp="2023-01-31T13:30:31 CST" skipped="0">
  <testcase classname="com.developerscorner.client.uiTests.LoginPageTest" name="shouldDisplayFieldRequiredIfEmailNotFilled" time="0.178"/>
  <system-out/>
  <testcase classname="com.developerscorner.client.uiTests.LoginPageTest" name="shouldGetLoginPage" time="0.075"/>
  <system-out/>
  <testcase classname="com.developerscorner.client.uiTests.LoginPageTest" name="shouldLogInAUser" time="0.770"/>
  <system-out/>
</testsuite> <!-- com.developerscorner.client.uiTests.LoginPageTest -->
